<?xml version="1.0" encoding="UTF-8"?>
<!-- Generated by org.testng.reporters.JUnitReportReporter -->
<testsuite hostname="LAPTOP-BPRGDT01" failures="0" tests="1" name="scripts.InvalidLogin" time="14.607" errors="0" timestamp="2022-07-25T00:13:13 IST" skipped="0">
  <testcase classname="scripts.InvalidLogin" name="testcase1" time="14.607"/>
  <system-out>
    <![CDATA[Amazon Sign-In
https://www.amazon.com/ap/signin]]>
  </system-out>
</testsuite> <!-- scripts.InvalidLogin -->
