<?xml version="1.0" encoding="UTF-8"?>
<!-- Generated by org.testng.reporters.JUnitReportReporter -->
<testsuite hostname="LAPTOP-BPRGDT01" failures="0" tests="1" name="scripts.AddToCart" time="53.441" errors="0" timestamp="2022-07-25T00:12:13 IST" skipped="0">
  <testcase classname="scripts.AddToCart" name="testcase2" time="53.441"/>
  <system-out/>
</testsuite> <!-- scripts.AddToCart -->
