<?xml version="1.0" encoding="UTF-8"?>
<!-- Generated by org.testng.reporters.JUnitReportReporter -->
<testsuite hostname="LAPTOP-BPRGDT01" failures="0" tests="1" name="scripts.ElectronicsCategory" time="22.113" errors="0" timestamp="2022-07-25T02:21:54 IST" skipped="0">
  <testcase classname="scripts.ElectronicsCategory" name="testcase3" time="22.113"/>
  <system-out/>
</testsuite> <!-- scripts.ElectronicsCategory -->
