<?xml version="1.0" encoding="UTF-8"?>
<!-- Generated by org.testng.reporters.JUnitReportReporter -->
<testsuite hostname="LAPTOP-BPRGDT01" failures="0" tests="1" name="scripts.NavigateToMusic" time="11.163" errors="0" timestamp="2022-07-25T03:06:28 IST" skipped="0">
  <testcase classname="scripts.NavigateToMusic" name="testcase6" time="11.163"/>
  <system-out/>
</testsuite> <!-- scripts.NavigateToMusic -->
