<?xml version="1.0" encoding="UTF-8"?>
<!-- Generated by org.testng.reporters.JUnitReportReporter -->
<testsuite hostname="LAPTOP-BPRGDT01" failures="0" tests="1" name="scripts.CountryIndia" time="9.729" errors="0" timestamp="2022-07-25T01:13:46 IST" skipped="0">
  <testcase classname="scripts.CountryIndia" name="testcase1" time="9.729"/>
  <system-out/>
</testsuite> <!-- scripts.CountryIndia -->
