<?xml version="1.0" encoding="UTF-8"?>
<!-- Generated by org.testng.reporters.JUnitReportReporter -->
<testsuite hostname="LAPTOP-BPRGDT01" failures="0" tests="1" name="scripts.ClickHomepageProducts" time="12.185" errors="0" timestamp="2022-07-25T01:27:26 IST" skipped="0">
  <testcase classname="scripts.ClickHomepageProducts" name="testcase5" time="12.185"/>
  <system-out/>
</testsuite> <!-- scripts.ClickHomepageProducts -->
